[13:23:17] [main/INFO]: Setting user: Player968
[13:23:21] [Client thread/INFO]: LWJGL Version: 2.9.1
[13:23:36] [Client thread/INFO]: Reloading ResourceManager: Default, FMLFileResourcePack:Forge Mod Loader, FMLFileResourcePack:Minecraft Forge, FMLFileResourcePack:Crazy Items
[13:23:39] [Sound Library Loader/INFO]: Sound engine started
[13:23:45] [Client thread/INFO]: Created: 512x256 textures/blocks-atlas
[13:23:46] [Client thread/INFO]: Created: 256x256 textures/items-atlas
[13:23:46] [Client thread/INFO]: Reloading ResourceManager: Default, FMLFileResourcePack:Forge Mod Loader, FMLFileResourcePack:Minecraft Forge, FMLFileResourcePack:Crazy Items
[13:23:46] [Client thread/INFO]: Created: 512x256 textures/blocks-atlas
[13:23:46] [Client thread/INFO]: Created: 256x256 textures/items-atlas
[13:23:47] [Sound Library Loader/INFO]: Sound engine started
[13:24:12] [Client thread/INFO]: Deleting level New World
[13:24:12] [Client thread/INFO]: Attempt 1...
[13:24:14] [Client thread/INFO]: Deleting level New World-
[13:24:14] [Client thread/INFO]: Attempt 1...
[13:24:19] [Server thread/INFO]: Starting integrated minecraft server version 1.7.10
[13:24:19] [Server thread/INFO]: Generating keypair
[13:24:19] [Server thread/INFO]: Converting map!
[13:24:19] [Server thread/INFO]: Scanning folders...
[13:24:19] [Server thread/INFO]: Total conversion count is 0
[13:24:20] [Server thread/INFO]: Preparing start region for level 0
[13:24:21] [Server thread/INFO]: Preparing spawn area: 4%
[13:24:22] [Server thread/INFO]: Preparing spawn area: 8%
[13:24:23] [Server thread/INFO]: Preparing spawn area: 14%
[13:24:25] [Server thread/INFO]: Preparing spawn area: 21%
[13:24:26] [Server thread/INFO]: Preparing spawn area: 30%
[13:24:27] [Server thread/INFO]: Preparing spawn area: 39%
[13:24:28] [Server thread/INFO]: Preparing spawn area: 48%
[13:24:29] [Server thread/INFO]: Preparing spawn area: 59%
[13:24:30] [Server thread/INFO]: Preparing spawn area: 68%
[13:24:31] [Server thread/INFO]: Preparing spawn area: 78%
[13:24:32] [Server thread/INFO]: Preparing spawn area: 89%
[13:24:33] [Server thread/INFO]: Changing view distance to 12, from 10
[13:24:34] [Server thread/INFO]: Player968[local:E:719a578d] logged in with entity id 279 at (-27.5, 67.0, 264.5)
[13:24:34] [Server thread/INFO]: Player968 joined the game
[13:24:36] [Server thread/WARN]: Can't keep up! Did the system time change, or is the server overloaded? Running 2447ms behind, skipping 48 tick(s)
[13:24:47] [Client thread/INFO]: Warning: Clientside chunk ticking took 212 ms
[13:24:47] [Client thread/INFO]: Warning: Clientside chunk ticking took 145 ms
[13:24:48] [Client thread/INFO]: Warning: Clientside chunk ticking took 177 ms
[13:25:01] [Server thread/WARN]: Can't keep up! Did the system time change, or is the server overloaded? Running 5856ms behind, skipping 117 tick(s)
[13:25:17] [Server thread/INFO]: Saving and pausing game...
[13:25:17] [Server thread/INFO]: Saving chunks for level 'New World'/Overworld
[13:25:17] [Server thread/INFO]: Saving chunks for level 'New World'/Nether
[13:25:17] [Server thread/INFO]: Saving chunks for level 'New World'/The End
[13:25:53] [Server thread/INFO]: Player968 has just earned the achievement [Taking Inventory]
[13:25:54] [Client thread/INFO]: [CHAT] Player968 has just earned the achievement [Taking Inventory]
[13:27:30] [Server thread/INFO]: Saving and pausing game...
[13:27:30] [Server thread/INFO]: Saving chunks for level 'New World'/Overworld
[13:27:30] [Server thread/INFO]: Saving chunks for level 'New World'/Nether
[13:27:30] [Server thread/INFO]: Saving chunks for level 'New World'/The End
[13:27:31] [Server thread/INFO]: Stopping server
[13:27:31] [Server thread/INFO]: Saving players
[13:27:31] [Server thread/INFO]: Saving worlds
[13:27:31] [Server thread/INFO]: Saving chunks for level 'New World'/Overworld
[13:27:31] [Server thread/INFO]: Saving chunks for level 'New World'/Nether
[13:27:31] [Server thread/INFO]: Saving chunks for level 'New World'/The End
